[2026-03-17 10:01:46,058] INFO logging_config: Aplicaçăo iniciada.
[2026-03-17 10:02:44,285] INFO logging_config: Aplicaçăo iniciada.
[2026-03-17 10:02:58,778] INFO logging_config: Aplicaçăo iniciada.
[2026-03-17 10:03:14,330] INFO logging_config: Aplicaçăo iniciada.
[2026-03-17 10:03:27,869] INFO logging_config: Aplicaçăo iniciada.
[2026-03-17 10:33:20,078] INFO logging_config: Aplicaçăo iniciada.
[2026-03-17 10:55:20,260] ERROR app: Exception on /dashboard [GET]
Traceback (most recent call last):
  File "C:\Users\CQP_ADM\Desktop\Sistema\alunos\venv\Lib\site-packages\flask\app.py", line 1473, in wsgi_app
    response = self.full_dispatch_request()
               ^^^^^^^^^^^^^^^^^^^^^^^^^^^^
  File "C:\Users\CQP_ADM\Desktop\Sistema\alunos\venv\Lib\site-packages\flask\app.py", line 882, in full_dispatch_request
    rv = self.handle_user_exception(e)
         ^^^^^^^^^^^^^^^^^^^^^^^^^^^^^
  File "C:\Users\CQP_ADM\Desktop\Sistema\alunos\venv\Lib\site-packages\flask\app.py", line 880, in full_dispatch_request
    rv = self.dispatch_request()
         ^^^^^^^^^^^^^^^^^^^^^^^
  File "C:\Users\CQP_ADM\Desktop\Sistema\alunos\venv\Lib\site-packages\flask\app.py", line 865, in dispatch_request
    return self.ensure_sync(self.view_functions[rule.endpoint])(**view_args)  # type: ignore[no-any-return]
           ^^^^^^^^^^^^^^^^^^^^^^^^^^^^^^^^^^^^^^^^^^^^^^^^^^^^^^^^^^^^^^^^^
  File "C:\Users\CQP_ADM\Desktop\Sistema\alunos\security.py", line 19, in decorated
    return f(*args, **kwargs)
           ^^^^^^^^^^^^^^^^^^
  File "C:\Users\CQP_ADM\Desktop\Sistema\alunos\routes\dashboard.py", line 33, in dashboard
    return render_template("dashboard.html",
           ^^^^^^^^^^^^^^^^^^^^^^^^^^^^^^^^^
  File "C:\Users\CQP_ADM\Desktop\Sistema\alunos\venv\Lib\site-packages\flask\templating.py", line 150, in render_template
    return _render(app, template, context)
           ^^^^^^^^^^^^^^^^^^^^^^^^^^^^^^^
  File "C:\Users\CQP_ADM\Desktop\Sistema\alunos\venv\Lib\site-packages\flask\templating.py", line 131, in _render
    rv = template.render(context)
         ^^^^^^^^^^^^^^^^^^^^^^^^
  File "C:\Users\CQP_ADM\Desktop\Sistema\alunos\venv\Lib\site-packages\jinja2\environment.py", line 1295, in render
    self.environment.handle_exception()
  File "C:\Users\CQP_ADM\Desktop\Sistema\alunos\venv\Lib\site-packages\jinja2\environment.py", line 942, in handle_exception
    raise rewrite_traceback_stack(source=source)
  File "C:\Users\CQP_ADM\Desktop\Sistema\alunos\templates\dashboard.html", line 1, in top-level template code
    {% extends "base.html" %}
  File "C:\Users\CQP_ADM\Desktop\Sistema\alunos\templates\base.html", line 300, in top-level template code
    {% block content %}
  File "C:\Users\CQP_ADM\Desktop\Sistema\alunos\templates\dashboard.html", line 36, in block 'content'
    R$ {{ "{:,.2f}".format(a_receber_mes).replace(",", "X").replace(".", ",").replace("X", ".") }}
    ^^^^^^^^^^^^^^^^^^^^^^^^^
TypeError: unsupported format string passed to Undefined.__format__
[2026-03-17 11:10:07,913] INFO logging_config: Aplicaçăo iniciada.
[2026-03-17 11:13:01,972] INFO logging_config: Aplicaçăo iniciada.
[2026-03-17 11:14:10,468] ERROR app: Exception on /dashboard [GET]
Traceback (most recent call last):
  File "C:\Users\CQP_ADM\Desktop\Sistema\alunos\venv\Lib\site-packages\flask\app.py", line 1473, in wsgi_app
    response = self.full_dispatch_request()
               ^^^^^^^^^^^^^^^^^^^^^^^^^^^^
  File "C:\Users\CQP_ADM\Desktop\Sistema\alunos\venv\Lib\site-packages\flask\app.py", line 882, in full_dispatch_request
    rv = self.handle_user_exception(e)
         ^^^^^^^^^^^^^^^^^^^^^^^^^^^^^
  File "C:\Users\CQP_ADM\Desktop\Sistema\alunos\venv\Lib\site-packages\flask\app.py", line 880, in full_dispatch_request
    rv = self.dispatch_request()
         ^^^^^^^^^^^^^^^^^^^^^^^
  File "C:\Users\CQP_ADM\Desktop\Sistema\alunos\venv\Lib\site-packages\flask\app.py", line 865, in dispatch_request
    return self.ensure_sync(self.view_functions[rule.endpoint])(**view_args)  # type: ignore[no-any-return]
           ^^^^^^^^^^^^^^^^^^^^^^^^^^^^^^^^^^^^^^^^^^^^^^^^^^^^^^^^^^^^^^^^^
  File "C:\Users\CQP_ADM\Desktop\Sistema\alunos\security.py", line 19, in decorated
    return f(*args, **kwargs)
           ^^^^^^^^^^^^^^^^^^
  File "C:\Users\CQP_ADM\Desktop\Sistema\alunos\routes\dashboard.py", line 33, in dashboard
    return render_template("dashboard.html",
           ^^^^^^^^^^^^^^^^^^^^^^^^^^^^^^^^^
  File "C:\Users\CQP_ADM\Desktop\Sistema\alunos\venv\Lib\site-packages\flask\templating.py", line 150, in render_template
    return _render(app, template, context)
           ^^^^^^^^^^^^^^^^^^^^^^^^^^^^^^^
  File "C:\Users\CQP_ADM\Desktop\Sistema\alunos\venv\Lib\site-packages\flask\templating.py", line 131, in _render
    rv = template.render(context)
         ^^^^^^^^^^^^^^^^^^^^^^^^
  File "C:\Users\CQP_ADM\Desktop\Sistema\alunos\venv\Lib\site-packages\jinja2\environment.py", line 1295, in render
    self.environment.handle_exception()
  File "C:\Users\CQP_ADM\Desktop\Sistema\alunos\venv\Lib\site-packages\jinja2\environment.py", line 942, in handle_exception
    raise rewrite_traceback_stack(source=source)
  File "C:\Users\CQP_ADM\Desktop\Sistema\alunos\templates\dashboard.html", line 1, in top-level template code
    {% extends "base.html" %}
  File "C:\Users\CQP_ADM\Desktop\Sistema\alunos\templates\base.html", line 300, in top-level template code
    {% block content %}
  File "C:\Users\CQP_ADM\Desktop\Sistema\alunos\templates\dashboard.html", line 36, in block 'content'
    R$ {{ "{:,.2f}".format(a_receber_mes).replace(",", "X").replace(".", ",").replace("X", ".") }}
    ^^^^^^^^^^^^^^^^^^^^^^^^^
TypeError: unsupported format string passed to Undefined.__format__
[2026-03-17 11:15:34,191] ERROR app: Exception on /dashboard [GET]
Traceback (most recent call last):
  File "C:\Users\CQP_ADM\Desktop\Sistema\alunos\venv\Lib\site-packages\flask\app.py", line 1473, in wsgi_app
    response = self.full_dispatch_request()
               ^^^^^^^^^^^^^^^^^^^^^^^^^^^^
  File "C:\Users\CQP_ADM\Desktop\Sistema\alunos\venv\Lib\site-packages\flask\app.py", line 882, in full_dispatch_request
    rv = self.handle_user_exception(e)
         ^^^^^^^^^^^^^^^^^^^^^^^^^^^^^
  File "C:\Users\CQP_ADM\Desktop\Sistema\alunos\venv\Lib\site-packages\flask\app.py", line 880, in full_dispatch_request
    rv = self.dispatch_request()
         ^^^^^^^^^^^^^^^^^^^^^^^
  File "C:\Users\CQP_ADM\Desktop\Sistema\alunos\venv\Lib\site-packages\flask\app.py", line 865, in dispatch_request
    return self.ensure_sync(self.view_functions[rule.endpoint])(**view_args)  # type: ignore[no-any-return]
           ^^^^^^^^^^^^^^^^^^^^^^^^^^^^^^^^^^^^^^^^^^^^^^^^^^^^^^^^^^^^^^^^^
  File "C:\Users\CQP_ADM\Desktop\Sistema\alunos\security.py", line 19, in decorated
    return f(*args, **kwargs)
           ^^^^^^^^^^^^^^^^^^
  File "C:\Users\CQP_ADM\Desktop\Sistema\alunos\routes\dashboard.py", line 33, in dashboard
    return render_template("dashboard.html",
           ^^^^^^^^^^^^^^^^^^^^^^^^^^^^^^^^^
  File "C:\Users\CQP_ADM\Desktop\Sistema\alunos\venv\Lib\site-packages\flask\templating.py", line 150, in render_template
    return _render(app, template, context)
           ^^^^^^^^^^^^^^^^^^^^^^^^^^^^^^^
  File "C:\Users\CQP_ADM\Desktop\Sistema\alunos\venv\Lib\site-packages\flask\templating.py", line 131, in _render
    rv = template.render(context)
         ^^^^^^^^^^^^^^^^^^^^^^^^
  File "C:\Users\CQP_ADM\Desktop\Sistema\alunos\venv\Lib\site-packages\jinja2\environment.py", line 1295, in render
    self.environment.handle_exception()
  File "C:\Users\CQP_ADM\Desktop\Sistema\alunos\venv\Lib\site-packages\jinja2\environment.py", line 942, in handle_exception
    raise rewrite_traceback_stack(source=source)
  File "C:\Users\CQP_ADM\Desktop\Sistema\alunos\templates\dashboard.html", line 1, in top-level template code
    {% extends "base.html" %}
  File "C:\Users\CQP_ADM\Desktop\Sistema\alunos\templates\base.html", line 300, in top-level template code
    {% block content %}
  File "C:\Users\CQP_ADM\Desktop\Sistema\alunos\templates\dashboard.html", line 36, in block 'content'
    R$ {{ "{:,.2f}".format(a_receber_mes).replace(",", "X").replace(".", ",").replace("X", ".") }}
    ^^^^^^^^^^^^^^^^^^^^^^^^^
TypeError: unsupported format string passed to Undefined.__format__
[2026-03-17 11:18:48,593] INFO logging_config: Aplicaçăo iniciada.
[2026-03-17 11:21:42,569] INFO logging_config: Aplicaçăo iniciada.
